<?xml version="1.0" encoding="UTF-8"?>
<!-- Generated by org.testng.reporters.JUnitReportReporter -->
<testsuite hostname="DESKTOP-22D1LE7" failures="0" tests="1" name="com.tech_connect.webinars_page_test.AddNewWebinarFormTest" time="11.883" errors="0" timestamp="2025-06-27T11:50:07 IST" skipped="0">
  <testcase classname="com.tech_connect.webinars_page_test.AddNewWebinarFormTest" name="verifyDeleteWebinar" time="11.883"/>
  <system-out>
    <![CDATA[Webinar deleted successfully]]>
  </system-out>
</testsuite> <!-- com.tech_connect.webinars_page_test.AddNewWebinarFormTest -->
