<?xml version="1.0" encoding="UTF-8"?>
<!-- Generated by org.testng.reporters.JUnitReportReporter -->
<testsuite hostname="DESKTOP-22D1LE7" failures="0" tests="1" name="com.tech_connet.tests.DashboardValidation" time="0.000" errors="0" timestamp="2025-05-28T12:26:10 IST" skipped="0">
  <testcase classname="com.tech_connet.tests.DashboardValidation" name="dashboardValidation" time="0.000"/>
  <system-out/>
</testsuite> <!-- com.tech_connet.tests.DashboardValidation -->
