<?xml version="1.0" encoding="UTF-8"?>
<!-- Generated by org.testng.reporters.JUnitReportReporter -->
<testsuite hostname="DESKTOP-22D1LE7" failures="0" tests="1" name="com.tech_connect.webinars_page_test.UpdateWebinarDetailsTest" time="12.593" errors="0" timestamp="2025-06-30T15:40:37 IST" skipped="0">
  <testcase classname="com.tech_connect.webinars_page_test.UpdateWebinarDetailsTest" name="deleteSpeaker" time="12.593"/>
  <system-out>
    <![CDATA[TEST PASSED: Speaker deleted successfully]]>
  </system-out>
</testsuite> <!-- com.tech_connect.webinars_page_test.UpdateWebinarDetailsTest -->
